
> nextn@0.1.0 typecheck
> tsc --noEmit

src/ai/flows/ai-summarize-note.ts(12,17): error TS2307: Cannot find module 'genkit' or its corresponding type declarations.
src/ai/flows/ai-summarize-note.ts(45,9): error TS7006: Parameter 'input' implicitly has an 'any' type.
src/ai/genkit.ts(1,22): error TS2307: Cannot find module 'genkit' or its corresponding type declarations.
src/ai/genkit.ts(2,24): error TS2307: Cannot find module '@genkit-ai/google-genai' or its corresponding type declarations.
